[    0.000000] Linux version 4.15.0-206-generic (buildd@lcy02-amd64-070) (gcc version 7.5.0 (Ubuntu 7.5.0-3ubuntu1~18.04)) #217-Ubuntu SMP Fri Feb 3 19:10:13 UTC 2023 (Ubuntu 4.15.0-206.217-generic 4.15.18)
[    0.000000] Command line: BOOT_IMAGE=/boot/vmlinuz-4.15.0-206-generic root=LABEL=cloudimg-rootfs ro console=tty1 console=ttyS0
[    0.000000] KERNEL supported cpus:
[    0.000000]   Intel GenuineIntel
[    0.000000]   AMD AuthenticAMD
[    0.000000]   Centaur CentaurHauls
[    0.000000] x86/fpu: x87 FPU will use FXSAVE
[    0.000000] e820: BIOS-provided physical RAM map:
[    0.000000] BIOS-e820: [mem 0x0000000000000000-0x000000000009fbff] usable
[    0.000000] BIOS-e820: [mem 0x000000000009fc00-0x000000000009ffff] reserved
[    0.000000] BIOS-e820: [mem 0x00000000000f0000-0x00000000000fffff] reserved
[    0.000000] BIOS-e820: [mem 0x0000000000100000-0x00000000dffeffff] usable
[    0.000000] BIOS-e820: [mem 0x00000000dfff0000-0x00000000dfffffff] ACPI data
[    0.000000] BIOS-e820: [mem 0x00000000fec00000-0x00000000fec00fff] reserved
[    0.000000] BIOS-e820: [mem 0x00000000fee00000-0x00000000fee00fff] reserved
[    0.000000] BIOS-e820: [mem 0x00000000fffc0000-0x00000000ffffffff] reserved
[    0.000000] BIOS-e820: [mem 0x0000000100000000-0x000000011fffffff] usable
[    0.000000] NX (Execute Disable) protection: active
[    0.000000] SMBIOS 2.5 present.
[    0.000000] DMI: innotek GmbH VirtualBox/VirtualBox, BIOS VirtualBox 12/01/2006
[    0.000000] Hypervisor detected: KVM
[    0.000000] e820: last_pfn = 0x120000 max_arch_pfn = 0x400000000
[    0.000000] MTRR: Disabled
[    0.000000] x86/PAT: MTRRs disabled, skipping PAT initialization too.
[    0.000000] CPU MTRRs all blank - virtualized system.
[    0.000000] x86/PAT: Configuration [0-7]: WB  WT  UC- UC  WB  WT  UC- UC  
[    0.000000] e820: last_pfn = 0xdfff0 max_arch_pfn = 0x400000000
[    0.000000] found SMP MP-table at [mem 0x0009fff0-0x0009ffff]
[    0.000000] Scanning 1 areas for low memory corruption
[    0.000000] RAMDISK: [mem 0x359c9000-0x36cdbfff]
[    0.000000] ACPI: Early table checksum verification disabled
[    0.000000] ACPI: RSDP 0x00000000000E0000 000024 (v02 VBOX  )
[    0.000000] ACPI: XSDT 0x00000000DFFF0030 00003C (v01 VBOX   VBOXXSDT 00000001 ASL  00000061)
[    0.000000] ACPI: FACP 0x00000000DFFF00F0 0000F4 (v04 VBOX   VBOXFACP 00000001 ASL  00000061)
[    0.000000] ACPI: DSDT 0x00000000DFFF0610 002353 (v02 VBOX   VBOXBIOS 00000002 INTL 20220331)
[    0.000000] ACPI: FACS 0x00000000DFFF0200 000040
[    0.000000] ACPI: FACS 0x00000000DFFF0200 000040
[    0.000000] ACPI: APIC 0x00000000DFFF0240 00005C (v02 VBOX   VBOXAPIC 00000001 ASL  00000061)
[    0.000000] ACPI: SSDT 0x00000000DFFF02A0 00036C (v01 VBOX   VBOXCPUT 00000002 INTL 20220331)
[    0.000000] ACPI: Reserving FACP table memory at [mem 0xdfff00f0-0xdfff01e3]
[    0.000000] ACPI: Reserving DSDT table memory at [mem 0xdfff0610-0xdfff2962]
[    0.000000] ACPI: Reserving FACS table memory at [mem 0xdfff0200-0xdfff023f]
[    0.000000] ACPI: Reserving FACS table memory at [mem 0xdfff0200-0xdfff023f]
[    0.000000] ACPI: Reserving APIC table memory at [mem 0xdfff0240-0xdfff029b]
[    0.000000] ACPI: Reserving SSDT table memory at [mem 0xdfff02a0-0xdfff060b]
[    0.000000] No NUMA configuration found
[    0.000000] Faking a node at [mem 0x0000000000000000-0x000000011fffffff]
[    0.000000] NODE_DATA(0) allocated [mem 0x11ffd1000-0x11fffbfff]
[    0.000000] kvm-clock: cpu 0, msr 1:1ff50001, primary cpu clock
[    0.000000] kvm-clock: Using msrs 4b564d01 and 4b564d00
[    0.000000] kvm-clock: using sched offset of 16935575843 cycles
[    0.000000] clocksource: kvm-clock: mask: 0xffffffffffffffff max_cycles: 0x1cd42e4dffb, max_idle_ns: 881590591483 ns
[    0.000000] Zone ranges:
[    0.000000]   DMA      [mem 0x0000000000001000-0x0000000000ffffff]
[    0.000000]   DMA32    [mem 0x0000000001000000-0x00000000ffffffff]
[    0.000000]   Normal   [mem 0x0000000100000000-0x000000011fffffff]
[    0.000000]   Device   empty
[    0.000000] Movable zone start for each node
[    0.000000] Early memory node ranges
[    0.000000]   node   0: [mem 0x0000000000001000-0x000000000009efff]
[    0.000000]   node   0: [mem 0x0000000000100000-0x00000000dffeffff]
[    0.000000]   node   0: [mem 0x0000000100000000-0x000000011fffffff]
[    0.000000] Reserved but unavailable: 104 pages
[    0.000000] Initmem setup node 0 [mem 0x0000000000001000-0x000000011fffffff]
[    0.000000] ACPI: PM-Timer IO Port: 0x4008
[    0.000000] IOAPIC[0]: apic_id 2, version 32, address 0xfec00000, GSI 0-23
[    0.000000] ACPI: INT_SRC_OVR (bus 0 bus_irq 0 global_irq 2 dfl dfl)
[    0.000000] ACPI: INT_SRC_OVR (bus 0 bus_irq 9 global_irq 9 low level)
[    0.000000] Using ACPI (MADT) for SMP configuration information
[    0.000000] smpboot: Allowing 2 CPUs, 0 hotplug CPUs
[    0.000000] PM: Registered nosave memory: [mem 0x00000000-0x00000fff]
[    0.000000] PM: Registered nosave memory: [mem 0x0009f000-0x0009ffff]
[    0.000000] PM: Registered nosave memory: [mem 0x000a0000-0x000effff]
[    0.000000] PM: Registered nosave memory: [mem 0x000f0000-0x000fffff]
[    0.000000] PM: Registered nosave memory: [mem 0xdfff0000-0xdfffffff]
[    0.000000] PM: Registered nosave memory: [mem 0xe0000000-0xfebfffff]
[    0.000000] PM: Registered nosave memory: [mem 0xfec00000-0xfec00fff]
[    0.000000] PM: Registered nosave memory: [mem 0xfec01000-0xfedfffff]
[    0.000000] PM: Registered nosave memory: [mem 0xfee00000-0xfee00fff]
[    0.000000] PM: Registered nosave memory: [mem 0xfee01000-0xfffbffff]
[    0.000000] PM: Registered nosave memory: [mem 0xfffc0000-0xffffffff]
[    0.000000] e820: [mem 0xe0000000-0xfebfffff] available for PCI devices
[    0.000000] Booting paravirtualized kernel on KVM
[    0.000000] clocksource: refined-jiffies: mask: 0xffffffff max_cycles: 0xffffffff, max_idle_ns: 7645519600211568 ns
[    0.000000] setup_percpu: NR_CPUS:8192 nr_cpumask_bits:2 nr_cpu_ids:2 nr_node_ids:1
[    0.000000] percpu: Embedded 50 pages/cpu s167936 r8192 d28672 u1048576
[    0.000000] PV qspinlock hash table entries: 256 (order: 0, 4096 bytes)
[    0.000000] Built 1 zonelists, mobility grouping on.  Total pages: 1032057
[    0.000000] Policy zone: Normal
[    0.000000] Kernel command line: BOOT_IMAGE=/boot/vmlinuz-4.15.0-206-generic root=LABEL=cloudimg-rootfs ro console=tty1 console=ttyS0
[    0.000000] Memory: 4013248K/4193848K available (12300K kernel code, 2477K rwdata, 4324K rodata, 2480K init, 2720K bss, 180600K reserved, 0K cma-reserved)
[    0.000000] SLUB: HWalign=64, Order=0-3, MinObjects=0, CPUs=2, Nodes=1
[    0.000000] Kernel/User page tables isolation: enabled
[    0.000000] ftrace: allocating 39485 entries in 155 pages
[    0.004000] Hierarchical RCU implementation.
[    0.004000] 	RCU restricting CPUs from NR_CPUS=8192 to nr_cpu_ids=2.
[    0.004000] 	Tasks RCU enabled.
[    0.004000] RCU: Adjusting geometry for rcu_fanout_leaf=16, nr_cpu_ids=2
[    0.004000] NR_IRQS: 524544, nr_irqs: 440, preallocated irqs: 16
[    0.004000] Console: colour VGA+ 80x25
[    0.004000] console [tty1] enabled
[    0.004000] console [ttyS0] enabled
[    0.004000] ACPI: Core revision 20170831
[    0.004000] ACPI: 2 ACPI AML tables successfully acquired and loaded
[    0.004000] APIC: Switch to symmetric I/O mode setup
[    0.004000] x2apic enabled
[    0.004000] Switched APIC routing to physical x2apic.
[    0.004000] ..TIMER: vector=0x30 apic1=0 pin1=2 apic2=-1 pin2=-1
[    0.004100] tsc: Detected 24.016 MHz processor
[    0.004971] Calibrating delay loop (skipped) preset value.. 48.03 BogoMIPS (lpj=96064)
[    0.005192] pid_max: default: 32768 minimum: 301
[    0.014080] Security Framework initialized
[    0.014707] Yama: becoming mindful.
[    0.018099] AppArmor: AppArmor initialized
[    0.042886] Dentry cache hash table entries: 524288 (order: 10, 4194304 bytes)
[    0.054396] Inode-cache hash table entries: 262144 (order: 9, 2097152 bytes)
[    0.056000] Mount-cache hash table entries: 8192 (order: 4, 65536 bytes)
[    0.056499] Mountpoint-cache hash table entries: 8192 (order: 4, 65536 bytes)
[    0.066066] Last level iTLB entries: 4KB 64, 2MB 8, 4MB 8
[    0.066614] Last level dTLB entries: 4KB 64, 2MB 0, 4MB 0, 1GB 4
[    0.067138] Spectre V1 : Mitigation: usercopy/swapgs barriers and __user pointer sanitization
[    0.068000] Spectre V2 : Mitigation: Retpolines
[    0.068060] Spectre V2 : Spectre v2 / SpectreRSB mitigation: Filling RSB on context switch
[    0.068871] Spectre V2 : Spectre v2 / SpectreRSB : Filling RSB on VMEXIT
[    0.069426] RETBleed: WARNING: Spectre v2 mitigation leaves CPU vulnerable to RETBleed attacks, data leaks possible!
[    0.070246] RETBleed: Vulnerable
[    0.070693] Speculative Store Bypass: Vulnerable
[    0.072215] MDS: Vulnerable: Clear CPU buffers attempted, no microcode
[    0.072833] MMIO Stale Data: Vulnerable: Clear CPU buffers attempted, no microcode
[    0.079253] Freeing SMP alternatives memory: 36K
[    0.204000] APIC calibration not consistent with PM-Timer: 68ms instead of 100ms
[    0.204000] APIC delta adjusted to PM-Timer: 6255854 (4299827)
[    0.204000] smpboot: CPU0: Intel(R) Core(TM) i7-6700K CPU @ 4.00GHz (family: 0x6, model: 0x5e, stepping: 0x3)
[    0.204000] Performance Events: unsupported p6 CPU model 94 no PMU driver, software events only.
[    0.204063] Hierarchical SRCU implementation.
[    0.212021] NMI watchdog: Perf event create on CPU 0 failed with -2
[    0.212146] NMI watchdog: Perf NMI watchdog permanently disabled
[    0.216077] smp: Bringing up secondary CPUs ...
[    0.220154] x86: Booting SMP configuration:
[    0.220375] .... node  #0, CPUs:      #1
[    0.004000] kvm-clock: cpu 1, msr 1:1ff50041, secondary cpu clock
[    0.226201] TSC synchronization [CPU#0 -> CPU#1]:
[    0.226379] Measured 225693 cycles TSC warp between CPUs, turning off TSC clock.
[    0.226728] tsc: Marking TSC unstable due to check_tsc_sync_source failed
[    0.228743] smp: Brought up 1 node, 2 CPUs
[    0.228743] smpboot: Max logical packages: 1
[    0.228743] smpboot: Total of 2 processors activated (96.06 BogoMIPS)
[    0.241067] devtmpfs: initialized
[    0.245150] x86/mm: Memory block size: 128MB
[    0.272077] evm: security.selinux
[    0.272444] evm: security.SMACK64
[    0.272781] evm: security.SMACK64EXEC
[    0.273293] evm: security.SMACK64TRANSMUTE
[    0.273687] evm: security.SMACK64MMAP
[    0.274044] evm: security.apparmor
[    0.274554] evm: security.ima
[    0.274908] evm: security.capability
[    0.280164] clocksource: jiffies: mask: 0xffffffff max_cycles: 0xffffffff, max_idle_ns: 7645041785100000 ns
[    0.281170] futex hash table entries: 512 (order: 3, 32768 bytes)
[    0.282859] pinctrl core: initialized pinctrl subsystem
[    0.286321] RTC time:  6:33:45, date: 03/18/23
[    0.298465] NET: Registered protocol family 16
[    0.304189] audit: initializing netlink subsys (disabled)
[    0.305302] audit: type=2000 audit(1679121247.169:1): state=initialized audit_enabled=0 res=1
[    0.312290] cpuidle: using governor ladder
[    0.312722] cpuidle: using governor menu
[    0.315264] ACPI: bus type PCI registered
[    0.315721] acpiphp: ACPI Hot Plug PCI Controller Driver version: 0.5
[    0.318778] PCI: Using configuration type 1 for base access
[    0.408576] HugeTLB registered 2.00 MiB page size, pre-allocated 0 pages
[    0.421161] ACPI: Added _OSI(Module Device)
[    0.421552] ACPI: Added _OSI(Processor Device)
[    0.421924] ACPI: Added _OSI(3.0 _SCP Extensions)
[    0.422369] ACPI: Added _OSI(Processor Aggregator Device)
[    0.422886] ACPI: Added _OSI(Linux-Dell-Video)
[    0.424085] ACPI: Added _OSI(Linux-Lenovo-NV-HDMI-Audio)
[    0.424593] ACPI: Added _OSI(Linux-HPI-Hybrid-Graphics)
[    0.429704] ACPI: Executed 1 blocks of module-level executable AML code
[    0.694622] ACPI: Interpreter enabled
[    0.695306] ACPI: (supports S0 S5)
[    0.695792] ACPI: Using IOAPIC for interrupt routing
[    0.712677] PCI: Using host bridge windows from ACPI; if necessary, use "pci=nocrs" and report a bug
[    0.720262] ACPI: Enabled 2 GPEs in block 00 to 07
[    1.084349] ACPI: PCI Root Bridge [PCI0] (domain 0000 [bus 00-ff])
[    1.085089] acpi PNP0A03:00: _OSC: OS supports [ASPM ClockPM Segments MSI]
[    1.126155] acpi PNP0A03:00: _OSC: not requesting OS control; OS requires [ExtendedConfig ASPM ClockPM MSI]
[    1.127368] acpi PNP0A03:00: fail to add MMCONFIG information, can't access extended PCI configuration space under this bridge.
[    1.139805] PCI host bridge to bus 0000:00
[    1.140114] pci_bus 0000:00: root bus resource [io  0x0000-0x0cf7 window]
[    1.140673] pci_bus 0000:00: root bus resource [io  0x0d00-0xffff window]
[    1.141314] pci_bus 0000:00: root bus resource [mem 0x000a0000-0x000bffff window]
[    1.142231] pci_bus 0000:00: root bus resource [mem 0xe0000000-0xfdffffff window]
[    1.142779] pci_bus 0000:00: root bus resource [bus 00-ff]
[    1.156096] pci 0000:00:01.1: legacy IDE quirk: reg 0x10: [io  0x01f0-0x01f7]
[    1.156718] pci 0000:00:01.1: legacy IDE quirk: reg 0x14: [io  0x03f6]
[    1.157429] pci 0000:00:01.1: legacy IDE quirk: reg 0x18: [io  0x0170-0x0177]
[    1.157986] pci 0000:00:01.1: legacy IDE quirk: reg 0x1c: [io  0x0376]
[    1.184755] pci 0000:00:07.0: quirk: [io  0x4000-0x403f] claimed by PIIX4 ACPI
[    1.185342] pci 0000:00:07.0: quirk: [io  0x4100-0x410f] claimed by PIIX4 SMB
[    1.270155] ACPI: PCI Interrupt Link [LNKA] (IRQs 5 9 10 *11)
[    1.289450] ACPI: PCI Interrupt Link [LNKB] (IRQs 5 9 *10 11)
[    1.294679] ACPI: PCI Interrupt Link [LNKC] (IRQs 5 *9 10 11)
[    1.300223] ACPI: PCI Interrupt Link [LNKD] (IRQs 5 9 10 *11)
[    1.316628] SCSI subsystem initialized
[    1.317259] pci 0000:00:02.0: vgaarb: setting as boot VGA device
[    1.318066] pci 0000:00:02.0: vgaarb: VGA device added: decodes=io+mem,owns=io+mem,locks=none
[    1.320140] pci 0000:00:02.0: vgaarb: bridge control possible
[    1.320645] vgaarb: loaded
[    1.321919] ACPI: bus type USB registered
[    1.322975] usbcore: registered new interface driver usbfs
[    1.324593] usbcore: registered new interface driver hub
[    1.325319] usbcore: registered new device driver usb
[    1.328419] EDAC MC: Ver: 3.0.0
[    1.332825] PCI: Using ACPI for IRQ routing
[    1.338604] NetLabel: Initializing
[    1.338950] NetLabel:  domain hash size = 128
[    1.340062] NetLabel:  protocols = UNLABELED CIPSOv4 CALIPSO
[    1.340725] NetLabel:  unlabeled traffic allowed by default
[    1.344944] clocksource: Switched to clocksource kvm-clock
[    2.179803] VFS: Disk quotas dquot_6.6.0
[    2.181905] VFS: Dquot-cache hash table entries: 512 (order 0, 4096 bytes)
[    2.188843] AppArmor: AppArmor Filesystem Enabled
[    2.190842] pnp: PnP ACPI init
[    2.237374] pnp: PnP ACPI: found 3 devices
[    2.320939] clocksource: acpi_pm: mask: 0xffffff max_cycles: 0xffffff, max_idle_ns: 2085701024 ns
[    2.325508] NET: Registered protocol family 2
[    2.328886] IP idents hash table entries: 65536 (order: 7, 524288 bytes)
[    2.368498] TCP established hash table entries: 32768 (order: 6, 262144 bytes)
[    2.373801] TCP bind hash table entries: 32768 (order: 7, 524288 bytes)
[    2.378848] TCP: Hash tables configured (established 32768 bind 32768)
[    2.380375] UDP hash table entries: 2048 (order: 4, 65536 bytes)
[    2.381940] UDP-Lite hash table entries: 2048 (order: 4, 65536 bytes)
[    2.384576] NET: Registered protocol family 1
[    2.385256] pci 0000:00:00.0: Limiting direct PCI/PCI transfers
[    2.385906] pci 0000:00:01.0: Activating ISA DMA hang workarounds
[    2.386527] pci 0000:00:02.0: Video device with shadowed ROM at [mem 0x000c0000-0x000dffff]
[    2.389209] Unpacking initramfs...
[   15.235994] Freeing initrd memory: 19532K
[   15.236509] PCI-DMA: Using software bounce buffering for IO (SWIOTLB)
[   15.237259] software IO TLB: mapped [mem 0xdbff0000-0xdfff0000] (64MB)
[   15.239347] clocksource: tsc: mask: 0xffffffffffffffff max_cycles: 0x589f07353, max_idle_ns: 440795203047 ns
[   15.241497] platform rtc_cmos: registered platform RTC device (no PNP device found)
[   15.243195] Scanning for low memory corruption every 60 seconds
[   15.270970] Initialise system trusted keyrings
[   15.272065] Key type blacklist registered
[   15.274160] workingset: timestamp_bits=36 max_order=20 bucket_order=0
[   15.373533] zbud: loaded
[   15.402608] squashfs: version 4.0 (2009/01/31) Phillip Lougher
[   15.412512] fuse init (API version 7.26)
[   15.473744] Key type asymmetric registered
[   15.474155] Asymmetric key parser 'x509' registered
[   15.476325] Block layer SCSI generic (bsg) driver version 0.4 loaded (major 246)
[   15.477958] io scheduler noop registered
[   15.478520] io scheduler deadline registered
[   15.480733] io scheduler cfq registered (default)
[   15.491168] ACPI: AC Adapter [AC] (on-line)
[   15.493730] input: Power Button as /devices/LNXSYSTM:00/LNXPWRBN:00/input/input0
[   15.494936] ACPI: Power Button [PWRF]
[   15.497285] input: Sleep Button as /devices/LNXSYSTM:00/LNXSLPBN:00/input/input1
[   15.498168] ACPI: Sleep Button [SLPF]
[   15.508543] Serial: 8250/16550 driver, 32 ports, IRQ sharing enabled
[   15.530327] 00:02: ttyS0 at I/O 0x3f8 (irq = 4, base_baud = 115200) is a 16550A
[   15.546748] ACPI: Battery Slot [BAT0] (battery present)
[   15.633116] Linux agpgart interface v0.103
[   15.708625] loop: module loaded
[   15.728379] scsi host0: ata_piix
[   15.732213] scsi host1: ata_piix
[   15.734500] ata1: PATA max UDMA/33 cmd 0x1f0 ctl 0x3f6 bmdma 0xd000 irq 14
[   15.735260] ata2: PATA max UDMA/33 cmd 0x170 ctl 0x376 bmdma 0xd008 irq 15
[   15.739596] tun: Universal TUN/TAP device driver, 1.6
[   15.741319] PPP generic driver version 2.4.2
[   15.743604] ehci_hcd: USB 2.0 'Enhanced' Host Controller (EHCI) Driver
[   15.745168] ehci-pci: EHCI PCI platform driver
[   15.746028] ehci-platform: EHCI generic platform driver
[   15.746815] ohci_hcd: USB 1.1 'Open' Host Controller (OHCI) Driver
[   15.747452] ohci-pci: OHCI PCI platform driver
[   15.748556] ohci-platform: OHCI generic platform driver
[   15.749308] uhci_hcd: USB Universal Host Controller Interface driver
[   15.751811] i8042: PNP: PS/2 Controller [PNP0303:PS2K,PNP0f03:PS2M] at 0x60,0x64 irq 1,12
[   15.755525] serio: i8042 KBD port at 0x60,0x64 irq 1
[   15.757178] serio: i8042 AUX port at 0x60,0x64 irq 12
[   15.762059] mousedev: PS/2 mouse device common for all mice
[   15.768793] input: AT Translated Set 2 keyboard as /devices/platform/i8042/serio0/input/input2
[   15.773456] rtc_cmos rtc_cmos: rtc core: registered rtc_cmos as rtc0
[   15.774229] rtc_cmos rtc_cmos: alarms up to one day, 114 bytes nvram
[   15.774958] i2c /dev entries driver
[   15.777766] device-mapper: uevent: version 1.0.3
[   15.781393] device-mapper: ioctl: 4.37.0-ioctl (2017-09-20) initialised: dm-devel@redhat.com
[   15.782802] ledtrig-cpu: registered to indicate activity on CPUs
[   15.799387] NET: Registered protocol family 10
